
> accufin@0.1.0 start
> next start

   ▲ Next.js 15.3.3
   - Local:        http://localhost:3000
   - Network:      http://172.31.36.10:3000

 ✓ Starting...
 ✓ Ready in 536ms
prisma:error Error in PostgreSQL connection: Error { kind: Closed, cause: None }
prisma:error Error in PostgreSQL connection: Error { kind: Closed, cause: None }
prisma:error Error in PostgreSQL connection: Error { kind: Closed, cause: None }
prisma:error Error in PostgreSQL connection: Error { kind: Closed, cause: None }
prisma:error Error in PostgreSQL connection: Error { kind: Closed, cause: None }
prisma:error Error in PostgreSQL connection: Error { kind: Closed, cause: None }
prisma:error Error in PostgreSQL connection: Error { kind: Closed, cause: None }
prisma:error Error in PostgreSQL connection: Error { kind: Closed, cause: None }
prisma:error Error in PostgreSQL connection: Error { kind: Closed, cause: None }
prisma:error Error in PostgreSQL connection: Error { kind: Closed, cause: None }

> accufin@0.1.0 start
> next start

   ▲ Next.js 15.3.3
   - Local:        http://localhost:3000
   - Network:      http://172.31.36.10:3000

 ✓ Starting...
 ✓ Ready in 499ms

> accufin@0.1.0 start
> next start

   ▲ Next.js 15.3.3
   - Local:        http://localhost:3000
   - Network:      http://172.31.36.10:3000

 ✓ Starting...
 ✓ Ready in 534ms
user in api/auth/validate-credentials/route.ts file : null
user in api/auth/validate-credentials/route.ts file : null
prisma:error Error in PostgreSQL connection: Error { kind: Closed, cause: None }
prisma:error Error in PostgreSQL connection: Error { kind: Closed, cause: None }
prisma:error Error in PostgreSQL connection: Error { kind: Closed, cause: None }
prisma:error Error in PostgreSQL connection: Error { kind: Closed, cause: None }

> accufin@0.1.0 start
> next start

   ▲ Next.js 15.3.3
   - Local:        http://localhost:3000
   - Network:      http://172.31.36.10:3000

 ✓ Starting...
 ✓ Ready in 529ms
prisma:error Error in PostgreSQL connection: Error { kind: Closed, cause: None }
prisma:error Error in PostgreSQL connection: Error { kind: Closed, cause: None }
prisma:error Error in PostgreSQL connection: Error { kind: Closed, cause: None }
prisma:error Error in PostgreSQL connection: Error { kind: Closed, cause: None }

> accufin@0.1.0 start
> next start

   ▲ Next.js 15.3.3
   - Local:        http://localhost:3000
   - Network:      http://172.31.36.10:3000

 ✓ Starting...
 ✓ Ready in 540ms

> accufin@0.1.0 start
> next start

   ▲ Next.js 15.3.3
   - Local:        http://localhost:3000
   - Network:      http://172.31.36.10:3000

 ✓ Starting...
 ✓ Ready in 529ms
prisma:error Error in PostgreSQL connection: Error { kind: Closed, cause: None }
prisma:error Error in PostgreSQL connection: Error { kind: Closed, cause: None }
prisma:error Error in PostgreSQL connection: Error { kind: Closed, cause: None }
prisma:error Error in PostgreSQL connection: Error { kind: Closed, cause: None }
prisma:error Error in PostgreSQL connection: Error { kind: Closed, cause: None }
prisma:error Error in PostgreSQL connection: Error { kind: Closed, cause: None }

> accufin@0.1.0 start
> next start

   ▲ Next.js 15.3.3
   - Local:        http://localhost:3000
   - Network:      http://172.31.36.10:3000

 ✓ Starting...
 ✓ Ready in 529ms

> accufin@0.1.0 start
> next start

   ▲ Next.js 15.3.3
   - Local:        http://localhost:3000
   - Network:      http://172.31.36.10:3000

 ✓ Starting...
 ✓ Ready in 553ms

> accufin@0.1.0 start
> next start

   ▲ Next.js 15.3.3
   - Local:        http://localhost:3000
   - Network:      http://172.31.36.10:3000

 ✓ Starting...
 ✓ Ready in 535ms
prisma:error Error in PostgreSQL connection: Error { kind: Closed, cause: None }
prisma:error Error in PostgreSQL connection: Error { kind: Closed, cause: None }

> accufin@0.1.0 start
> next start

   ▲ Next.js 15.3.3
   - Local:        http://localhost:3000
   - Network:      http://172.31.36.10:3000

 ✓ Starting...
 ✓ Ready in 534ms
prisma:error Error in PostgreSQL connection: Error { kind: Closed, cause: None }
prisma:error Error in PostgreSQL connection: Error { kind: Closed, cause: None }

> accufin@0.1.0 start
> next start

   ▲ Next.js 15.3.3
   - Local:        http://localhost:3000
   - Network:      http://172.31.36.10:3000

 ✓ Starting...
 ✓ Ready in 542ms
prisma:error 
Invalid `prisma.testimonial.findMany()` invocation:


Can't reach database server at `ep-polished-surf-ahsx9081-pooler.c-3.us-east-1.aws.neon.tech:5432`

Please make sure your database server is running at `ep-polished-surf-ahsx9081-pooler.c-3.us-east-1.aws.neon.tech:5432`.
prisma:error 
Invalid `prisma.blogs.findMany()` invocation:


Can't reach database server at `ep-polished-surf-ahsx9081-pooler.c-3.us-east-1.aws.neon.tech:5432`

Please make sure your database server is running at `ep-polished-surf-ahsx9081-pooler.c-3.us-east-1.aws.neon.tech:5432`.
prisma:error 
Invalid `prisma.openContact.findMany()` invocation:


Can't reach database server at `ep-polished-surf-ahsx9081-pooler.c-3.us-east-1.aws.neon.tech:5432`

Please make sure your database server is running at `ep-polished-surf-ahsx9081-pooler.c-3.us-east-1.aws.neon.tech:5432`.
prisma:error Error in PostgreSQL connection: Error { kind: Closed, cause: None }
prisma:error Error in PostgreSQL connection: Error { kind: Closed, cause: None }
prisma:error Error in PostgreSQL connection: Error { kind: Closed, cause: None }
prisma:error Error in PostgreSQL connection: Error { kind: Closed, cause: None }
prisma:error Error in PostgreSQL connection: Error { kind: Closed, cause: None }
prisma:error Error in PostgreSQL connection: Error { kind: Closed, cause: None }
prisma:error Error in PostgreSQL connection: Error { kind: Closed, cause: None }
prisma:error Error in PostgreSQL connection: Error { kind: Closed, cause: None }
prisma:error Error in PostgreSQL connection: Error { kind: Closed, cause: None }
prisma:error Error in PostgreSQL connection: Error { kind: Closed, cause: None }
